<?xml version="1.0" encoding="UTF-8"?>
<!-- Generated by org.testng.reporters.JUnitReportReporter -->
<testsuite hostname="DESKTOP-UBC2RB5" failures="0" tests="3" name="com.guru99bank.com.LoginTestUsingDataProvider" time="107.432" errors="0" timestamp="2023-03-07T11:16:01 IST" skipped="0">
  <testcase classname="com.guru99bank.com.LoginTestUsingDataProvider" name="DataprovidsampleTest" time="32.441"/>
  <system-out/>
  <testcase classname="com.guru99bank.com.LoginTestUsingDataProvider" name="DataprovidsampleTest" time="45.003"/>
  <system-out/>
  <testcase classname="com.guru99bank.com.LoginTestUsingDataProvider" name="DataprovidsampleTest" time="29.988"/>
  <system-out/>
</testsuite> <!-- com.guru99bank.com.LoginTestUsingDataProvider -->
