<?xml version="1.0" encoding="UTF-8"?>
<!-- Generated by org.testng.reporters.JUnitReportReporter -->
<testsuite hostname="DESKTOP-UBC2RB5" failures="0" tests="2" name="com.guru99bank.com.Guru99BankTest" time="12.556" errors="0" timestamp="2023-03-06T13:28:10 IST" skipped="0">
  <testcase classname="com.guru99bank.com.Guru99BankTest" name="VerifyLoginTest" time="12.436"/>
  <system-out/>
  <testcase classname="com.guru99bank.com.Guru99BankTest" name="verifytitleTest" time="0.120"/>
  <system-out>
    <![CDATA[verified]]>
  </system-out>
</testsuite> <!-- com.guru99bank.com.Guru99BankTest -->
