<?xml version="1.0" encoding="UTF-8"?>
<!-- Generated by org.testng.reporters.JUnitReportReporter -->
<testsuite hostname="DESKTOP-UBC2RB5" failures="0" tests="1" name="com.guru99bank.com.Guru99BankTest" time="26.623" errors="0" timestamp="2023-03-04T15:02:14 IST" skipped="0">
  <testcase classname="com.guru99bank.com.Guru99BankTest" name="VerifyLoginTest" time="26.623"/>
  <system-out/>
</testsuite> <!-- com.guru99bank.com.Guru99BankTest -->
