<?xml version="1.0" encoding="UTF-8"?>
<!-- Generated by org.testng.reporters.JUnitReportReporter -->
<testsuite hostname="DESKTOP-UBC2RB5" failures="0" tests="2" name="com.guru99bank.com.Guru99BankLoginTest" time="17.833" errors="0" timestamp="2023-03-07T10:49:10 IST" skipped="0">
  <testcase classname="com.guru99bank.com.Guru99BankLoginTest" name="openbrowserforloginTest" time="16.034"/>
  <system-out/>
  <testcase classname="com.guru99bank.com.Guru99BankLoginTest" name="LoginTest" time="1.799"/>
  <system-out/>
</testsuite> <!-- com.guru99bank.com.Guru99BankLoginTest -->
